Error with function delete
Error with function delete
Error with function delete
Error with function delete
Error with function delete
Error with function delete
Error with function delete
Error with function delete
Error with function delete
Error with function deleteUser
Error with function updateEmail
Error with function updateEmail
Error with function getPhrases
Error with function getPhrases
Error with function getPhrases
Error with function getPhrases
Error with function getPhrases
Error with function getPhrases
Error with function getPhrases
Error with function getPhrases
Error with function getPhrases
Error with function updateScore
Error with function updateScore
Error with function updateScore
Error with function updateScore
Error with function updateScore
Error with function updateScore
Error with function updateScore
Error with function updateScore
Error with function updateScore
Error with function updateScore
Error with function updateScore
Error with function updateScore
Error with function deleteDuelAfterDeletedUser
Error with function create
Error with function create
Error with function create
Error with function create
Error with function create
Error with function ignore
Error with function ignore
Error with function ignore
Error with function ignore
Error with function ignore
Error with function ignore
Error with function ignore
Error with function ignore
Error with function ignore
Error with function getRandomPhrase, failed to get data
Error with function getRandomPhrase, failed to get data
Error with function getRandomPhrase, failed to get data
Error with function getRandomPhrase, failed to get data
Error with function getRandomPhrase, failed to get data
Error with function getRandomPhrase, failed to get data
Error with function getRandomPhrase, failed to get data
Error with function getRandomPhrase, failed to get data
Error with function getRandomPhrase, failed to get data
Error with function getRandomPhrase, failed to get data
Error with function getRandomPhrase, failed to get data
Error with function getRandomPhrase, failed to get data
Error with function getRandomPhrase, failed to get data
Error with function countingPhrases
Error with function countingPhrases
Error with function countingPhrases
Error with function countingPhrases
Error with function countingHiddenPhrases
Error with function countingHiddenPhrases
